<?xml version="1.0" encoding="UTF-8"?>
<testng-results ignored="0" total="1" passed="1" failed="0" skipped="0">
  <reporter-output>
  </reporter-output>
  <suite started-at="2019-09-15T13:48:47 CEST" name="Surefire suite" finished-at="2019-09-15T13:49:51 CEST" duration-ms="63626">
    <groups>
    </groups>
    <test started-at="2019-09-15T13:48:47 CEST" name="Surefire test" finished-at="2019-09-15T13:49:51 CEST" duration-ms="63626">
      <class name="es.zatro.WebpageTests">
        <test-method signature="testWebsite()[pri:0, instance:es.zatro.WebpageTests@5e0826e7]" started-at="2019-09-15T13:48:47 CEST" name="testWebsite" finished-at="2019-09-15T13:49:51 CEST" duration-ms="63517" status="PASS">
          <reporter-output>
          </reporter-output>
        </test-method> <!-- testWebsite -->
      </class> <!-- es.zatro.WebpageTests -->
    </test> <!-- Surefire test -->
  </suite> <!-- Surefire suite -->
</testng-results>
